[0.396s] Invoking command in '/home/tokojun/ros2_ws/src/mypkg': PYTHONPATH=/home/tokojun/ros2_ws/src/mypkg/build/mypkg/prefix_override:/home/tokojun/ros2_ws/src/mypkg/install/mypkg/lib/python3.10/site-packages:${PYTHONPATH} /usr/bin/python3 setup.py egg_info --egg-base build/mypkg build --build-base /home/tokojun/ros2_ws/src/mypkg/build/mypkg/build install --record /home/tokojun/ros2_ws/src/mypkg/build/mypkg/install.log --single-version-externally-managed
[0.519s] running egg_info
[0.519s] writing build/mypkg/mypkg.egg-info/PKG-INFO
[0.520s] writing dependency_links to build/mypkg/mypkg.egg-info/dependency_links.txt
[0.520s] writing entry points to build/mypkg/mypkg.egg-info/entry_points.txt
[0.520s] writing requirements to build/mypkg/mypkg.egg-info/requires.txt
[0.520s] writing top-level names to build/mypkg/mypkg.egg-info/top_level.txt
[0.521s] reading manifest file 'build/mypkg/mypkg.egg-info/SOURCES.txt'
[0.522s] writing manifest file 'build/mypkg/mypkg.egg-info/SOURCES.txt'
[0.522s] running build
[0.522s] running build_py
[0.522s] running install
[0.522s] /usr/lib/python3/dist-packages/setuptools/command/install.py:34: SetuptoolsDeprecationWarning: setup.py install is deprecated. Use build and pip and other standards-based tools.
[0.522s]   warnings.warn(
[0.522s] running install_lib
[0.523s] running install_data
[0.525s] copying package.xml -> /home/tokojun/ros2_ws/src/mypkg/install/mypkg/share/mypkg
[0.525s] running install_egg_info
[0.526s] removing '/home/tokojun/ros2_ws/src/mypkg/install/mypkg/lib/python3.10/site-packages/mypkg-0.0.0-py3.10.egg-info' (and everything under it)
[0.527s] Copying build/mypkg/mypkg.egg-info to /home/tokojun/ros2_ws/src/mypkg/install/mypkg/lib/python3.10/site-packages/mypkg-0.0.0-py3.10.egg-info
[0.527s] running install_scripts
[0.540s] Installing listener script to /home/tokojun/ros2_ws/src/mypkg/install/mypkg/lib/mypkg
[0.540s] Installing talker script to /home/tokojun/ros2_ws/src/mypkg/install/mypkg/lib/mypkg
[0.541s] writing list of installed files to '/home/tokojun/ros2_ws/src/mypkg/build/mypkg/install.log'
[0.556s] Invoked command in '/home/tokojun/ros2_ws/src/mypkg' returned '0': PYTHONPATH=/home/tokojun/ros2_ws/src/mypkg/build/mypkg/prefix_override:/home/tokojun/ros2_ws/src/mypkg/install/mypkg/lib/python3.10/site-packages:${PYTHONPATH} /usr/bin/python3 setup.py egg_info --egg-base build/mypkg build --build-base /home/tokojun/ros2_ws/src/mypkg/build/mypkg/build install --record /home/tokojun/ros2_ws/src/mypkg/build/mypkg/install.log --single-version-externally-managed
