[0.389s] Invoking command in '/home/tokojun/ros2_ws/src/mypkg': PYTHONPATH=/home/tokojun/ros2_ws/src/mypkg/build/mypkg/prefix_override:/home/tokojun/ros2_ws/src/mypkg/install/mypkg/lib/python3.10/site-packages:${PYTHONPATH} /usr/bin/python3 setup.py egg_info --egg-base build/mypkg build --build-base /home/tokojun/ros2_ws/src/mypkg/build/mypkg/build install --record /home/tokojun/ros2_ws/src/mypkg/build/mypkg/install.log --single-version-externally-managed
[0.510s] running egg_info
[0.510s] creating build/mypkg/mypkg.egg-info
[0.511s] writing build/mypkg/mypkg.egg-info/PKG-INFO
[0.511s] writing dependency_links to build/mypkg/mypkg.egg-info/dependency_links.txt
[0.511s] writing entry points to build/mypkg/mypkg.egg-info/entry_points.txt
[0.511s] writing requirements to build/mypkg/mypkg.egg-info/requires.txt
[0.511s] writing top-level names to build/mypkg/mypkg.egg-info/top_level.txt
[0.511s] writing manifest file 'build/mypkg/mypkg.egg-info/SOURCES.txt'
[0.512s] reading manifest file 'build/mypkg/mypkg.egg-info/SOURCES.txt'
[0.512s] writing manifest file 'build/mypkg/mypkg.egg-info/SOURCES.txt'
[0.512s] running build
[0.513s] running build_py
[0.513s] creating /home/tokojun/ros2_ws/src/mypkg/build/mypkg/build
[0.513s] creating /home/tokojun/ros2_ws/src/mypkg/build/mypkg/build/lib
[0.513s] creating /home/tokojun/ros2_ws/src/mypkg/build/mypkg/build/lib/mypkg
[0.513s] copying mypkg/talker.py -> /home/tokojun/ros2_ws/src/mypkg/build/mypkg/build/lib/mypkg
[0.513s] copying mypkg/listener.py -> /home/tokojun/ros2_ws/src/mypkg/build/mypkg/build/lib/mypkg
[0.522s] copying mypkg/__init__.py -> /home/tokojun/ros2_ws/src/mypkg/build/mypkg/build/lib/mypkg
[0.522s] running install
[0.523s] running install_lib
[0.523s] /usr/lib/python3/dist-packages/setuptools/command/install.py:34: SetuptoolsDeprecationWarning: setup.py install is deprecated. Use build and pip and other standards-based tools.
[0.523s]   warnings.warn(
[0.524s] creating /home/tokojun/ros2_ws/src/mypkg/install/mypkg/lib/python3.10/site-packages/mypkg
[0.524s] copying /home/tokojun/ros2_ws/src/mypkg/build/mypkg/build/lib/mypkg/talker.py -> /home/tokojun/ros2_ws/src/mypkg/install/mypkg/lib/python3.10/site-packages/mypkg
[0.524s] copying /home/tokojun/ros2_ws/src/mypkg/build/mypkg/build/lib/mypkg/listener.py -> /home/tokojun/ros2_ws/src/mypkg/install/mypkg/lib/python3.10/site-packages/mypkg
[0.524s] copying /home/tokojun/ros2_ws/src/mypkg/build/mypkg/build/lib/mypkg/__init__.py -> /home/tokojun/ros2_ws/src/mypkg/install/mypkg/lib/python3.10/site-packages/mypkg
[0.524s] byte-compiling /home/tokojun/ros2_ws/src/mypkg/install/mypkg/lib/python3.10/site-packages/mypkg/talker.py to talker.cpython-310.pyc
[0.524s] byte-compiling /home/tokojun/ros2_ws/src/mypkg/install/mypkg/lib/python3.10/site-packages/mypkg/listener.py to listener.cpython-310.pyc
[0.525s] byte-compiling /home/tokojun/ros2_ws/src/mypkg/install/mypkg/lib/python3.10/site-packages/mypkg/__init__.py to __init__.cpython-310.pyc
[0.525s] running install_data
[0.525s] creating /home/tokojun/ros2_ws/src/mypkg/install/mypkg/share/ament_index
[0.526s] creating /home/tokojun/ros2_ws/src/mypkg/install/mypkg/share/ament_index/resource_index
[0.526s] creating /home/tokojun/ros2_ws/src/mypkg/install/mypkg/share/ament_index/resource_index/packages
[0.526s] copying resource/mypkg -> /home/tokojun/ros2_ws/src/mypkg/install/mypkg/share/ament_index/resource_index/packages
[0.526s] copying package.xml -> /home/tokojun/ros2_ws/src/mypkg/install/mypkg/share/mypkg
[0.526s] copying launch/talk_listen.launch.py -> /home/tokojun/ros2_ws/src/mypkg/install/mypkg/share/mypkg
[0.526s] running install_egg_info
[0.528s] Copying build/mypkg/mypkg.egg-info to /home/tokojun/ros2_ws/src/mypkg/install/mypkg/lib/python3.10/site-packages/mypkg-0.0.0-py3.10.egg-info
[0.528s] running install_scripts
[0.541s] Installing listener script to /home/tokojun/ros2_ws/src/mypkg/install/mypkg/lib/mypkg
[0.541s] Installing talker script to /home/tokojun/ros2_ws/src/mypkg/install/mypkg/lib/mypkg
[0.541s] writing list of installed files to '/home/tokojun/ros2_ws/src/mypkg/build/mypkg/install.log'
[0.558s] Invoked command in '/home/tokojun/ros2_ws/src/mypkg' returned '0': PYTHONPATH=/home/tokojun/ros2_ws/src/mypkg/build/mypkg/prefix_override:/home/tokojun/ros2_ws/src/mypkg/install/mypkg/lib/python3.10/site-packages:${PYTHONPATH} /usr/bin/python3 setup.py egg_info --egg-base build/mypkg build --build-base /home/tokojun/ros2_ws/src/mypkg/build/mypkg/build install --record /home/tokojun/ros2_ws/src/mypkg/build/mypkg/install.log --single-version-externally-managed
