[0.371s] Invoking command in '/home/tokojun/ros2_ws/src/mypkg': PYTHONPATH=/home/tokojun/ros2_ws/src/mypkg/build/mypkg/prefix_override:/home/tokojun/ros2_ws/src/mypkg/install/mypkg/lib/python3.10/site-packages:${PYTHONPATH} /usr/bin/python3 setup.py egg_info --egg-base build/mypkg build --build-base /home/tokojun/ros2_ws/src/mypkg/build/mypkg/build install --record /home/tokojun/ros2_ws/src/mypkg/build/mypkg/install.log --single-version-externally-managed
[0.491s] running egg_info
[0.491s] writing build/mypkg/mypkg.egg-info/PKG-INFO
[0.491s] writing dependency_links to build/mypkg/mypkg.egg-info/dependency_links.txt
[0.491s] writing entry points to build/mypkg/mypkg.egg-info/entry_points.txt
[0.491s] writing requirements to build/mypkg/mypkg.egg-info/requires.txt
[0.491s] writing top-level names to build/mypkg/mypkg.egg-info/top_level.txt
[0.493s] reading manifest file 'build/mypkg/mypkg.egg-info/SOURCES.txt'
[0.493s] writing manifest file 'build/mypkg/mypkg.egg-info/SOURCES.txt'
[0.494s] running build
[0.494s] running build_py
[0.494s] copying mypkg/talker.py -> /home/tokojun/ros2_ws/src/mypkg/build/mypkg/build/lib/mypkg
[0.494s] copying mypkg/listener.py -> /home/tokojun/ros2_ws/src/mypkg/build/mypkg/build/lib/mypkg
[0.494s] running install
[0.494s] /usr/lib/python3/dist-packages/setuptools/command/install.py:34: SetuptoolsDeprecationWarning: setup.py install is deprecated. Use build and pip and other standards-based tools.
[0.494s]   warnings.warn(
[0.494s] running install_lib
[0.495s] copying /home/tokojun/ros2_ws/src/mypkg/build/mypkg/build/lib/mypkg/talker.py -> /home/tokojun/ros2_ws/src/mypkg/install/mypkg/lib/python3.10/site-packages/mypkg
[0.495s] copying /home/tokojun/ros2_ws/src/mypkg/build/mypkg/build/lib/mypkg/listener.py -> /home/tokojun/ros2_ws/src/mypkg/install/mypkg/lib/python3.10/site-packages/mypkg
[0.495s] byte-compiling /home/tokojun/ros2_ws/src/mypkg/install/mypkg/lib/python3.10/site-packages/mypkg/talker.py to talker.cpython-310.pyc
[0.495s] byte-compiling /home/tokojun/ros2_ws/src/mypkg/install/mypkg/lib/python3.10/site-packages/mypkg/listener.py to listener.cpython-310.pyc
[0.495s] running install_data
[0.496s] running install_egg_info
[0.497s] removing '/home/tokojun/ros2_ws/src/mypkg/install/mypkg/lib/python3.10/site-packages/mypkg-0.0.0-py3.10.egg-info' (and everything under it)
[0.497s] Copying build/mypkg/mypkg.egg-info to /home/tokojun/ros2_ws/src/mypkg/install/mypkg/lib/python3.10/site-packages/mypkg-0.0.0-py3.10.egg-info
[0.498s] running install_scripts
[0.510s] Installing listener script to /home/tokojun/ros2_ws/src/mypkg/install/mypkg/lib/mypkg
[0.510s] Installing talker script to /home/tokojun/ros2_ws/src/mypkg/install/mypkg/lib/mypkg
[0.510s] writing list of installed files to '/home/tokojun/ros2_ws/src/mypkg/build/mypkg/install.log'
[0.524s] Invoked command in '/home/tokojun/ros2_ws/src/mypkg' returned '0': PYTHONPATH=/home/tokojun/ros2_ws/src/mypkg/build/mypkg/prefix_override:/home/tokojun/ros2_ws/src/mypkg/install/mypkg/lib/python3.10/site-packages:${PYTHONPATH} /usr/bin/python3 setup.py egg_info --egg-base build/mypkg build --build-base /home/tokojun/ros2_ws/src/mypkg/build/mypkg/build install --record /home/tokojun/ros2_ws/src/mypkg/build/mypkg/install.log --single-version-externally-managed
